<?xml version="1.0" encoding="UTF-8"?>
<testsuite name="GameTest" tests="5" skipped="0" failures="0" errors="0" timestamp="2022-01-19T22:25:52" hostname="DESKTOP-6IECT8M" time="0.057">
  <properties/>
  <testcase name="testStrikeBonus()" classname="GameTest" time="0.026"/>
  <testcase name="testStrikeFrame()" classname="GameTest" time="0.003"/>
  <testcase name="testSpareBonus()" classname="GameTest" time="0.001"/>
  <testcase name="testPinsAreCorrect()" classname="GameTest" time="0.001"/>
  <testcase name="fullGame()" classname="GameTest" time="0.024"/>
  <system-out><![CDATA[[([1, 4],5), ([4, 5],9), ([6, 4],15), ([5, 5],20), ([10, 0],11), ([0, 1],1), ([7, 3],16), ([6, 4],20), ([10, 0],20), ([2, 8, 6],16)]
]]></system-out>
  <system-err><![CDATA[]]></system-err>
</testsuite>
